Arguments: 
  /Users/cursoga/.nvm/versions/node/v14.15.0/bin/node /usr/local/Cellar/yarn/1.22.5/libexec/bin/yarn.js init

PATH: 
  /Users/cursoga/.nvm/versions/node/v14.15.0/bin:/usr/local/bin:/usr/bin:/bin:/usr/sbin:/sbin:/Library/Apple/usr/bin:/Users/cursoga/.nvm/versions/node/v12.19.0/bin

Yarn version: 
  1.22.5

Node version: 
  14.15.0

Platform: 
  darwin x64

Trace: 
  SyntaxError: /Users/cursoga/development/mi-web/server/package.json: Unexpected token } in JSON at position 390
      at JSON.parse (<anonymous>)
      at /usr/local/Cellar/yarn/1.22.5/libexec/lib/cli.js:1625:59
      at Generator.next (<anonymous>)
      at step (/usr/local/Cellar/yarn/1.22.5/libexec/lib/cli.js:310:30)
      at /usr/local/Cellar/yarn/1.22.5/libexec/lib/cli.js:321:13

npm manifest: 
  {
    "name": "server",
    "version": "1.0.0",
    "main": "index.js",
    "license": "MIT",
    "dependencies": {
      "body-parser": "^1.19.0",
      "cors": "^2.8.5",
      "dotenv": "^8.2.0",
      "express": "^4.17.1",
      "winston": "^3.3.3"
    },
    "type": "module",
    "devDependencies": {
      "nodemon": "^2.0.6"
    },
    "scripts": {
      "start": "node ./index.js",
      "dev": "nodemon .index.js",
    }
  }

yarn manifest: 
  No manifest

Lockfile: 
  No lockfile
